<?xml version="1.0" encoding="UTF-8"?>
<!-- Generated by org.testng.reporters.JUnitXMLReporter -->
<testsuite hostname="AdminIT-PC" name="Default test" tests="8" failures="0" timestamp="20 Aug 2014 12:33:50 GMT" time="119.082" errors="0">
  <testcase name="facebook_login" time="25.894" classname="com.test.signup_flows.myplex_signup_testcase"/>
  <testcase name="facebook_login" time="26.497" classname="com.test.signup_flows.myplex_signup_testcase"/>
  <testcase name="facebook_login" time="12.007" classname="com.test.signup_flows.myplex_signup_testcase"/>
  <testcase name="facebook_login" time="11.606" classname="com.test.signup_flows.myplex_signup_testcase"/>
  <testcase name="facebook_login" time="10.11" classname="com.test.signup_flows.myplex_signup_testcase"/>
  <testcase name="facebook_login" time="10.519" classname="com.test.signup_flows.myplex_signup_testcase"/>
  <testcase name="facebook_login" time="11.501" classname="com.test.signup_flows.myplex_signup_testcase"/>
  <testcase name="facebook_login" time="10.89" classname="com.test.signup_flows.myplex_signup_testcase"/>
</testsuite> <!-- Default test -->
