<?xml version="1.0" encoding="UTF-8"?>
<!-- Generated by org.testng.reporters.JUnitXMLReporter -->
<testsuite hostname="AdminIT-PC" name="Facebook login Test Case" tests="4" failures="0" timestamp="29 Jul 2014 11:49:48 GMT" time="174.515" errors="0">
  <testcase name="facebook_login" time="77.883" classname="com.testcases.facebook_login_testcases"/>
  <testcase name="facebook_login" time="29.034" classname="com.testcases.facebook_login_testcases"/>
  <testcase name="facebook_login" time="30.903" classname="com.testcases.facebook_login_testcases"/>
  <testcase name="facebook_login" time="31.388" classname="com.testcases.facebook_login_testcases"/>
</testsuite> <!-- Facebook login Test Case -->
