<?xml version="1.0" encoding="UTF-8"?>
<!-- Generated by org.testng.reporters.JUnitXMLReporter -->
<testsuite hostname="AdminIT-PC" name="Google login Test Case" tests="4" failures="0" timestamp="29 Jul 2014 11:56:55 GMT" time="426.983" errors="0">
  <testcase name="facebook_login" time="80.649" classname="com.testcases.google_login_testcases"/>
  <testcase name="facebook_login" time="48.134" classname="com.testcases.google_login_testcases"/>
  <testcase name="facebook_login" time="257.424" classname="com.testcases.google_login_testcases"/>
  <testcase name="facebook_login" time="40.762" classname="com.testcases.google_login_testcases"/>
</testsuite> <!-- Google login Test Case -->
