<?xml version="1.0" encoding="UTF-8"?>
<!-- Generated by org.testng.reporters.JUnitXMLReporter -->
<testsuite hostname="AdminIT-PC" name="Myplex Login Flow Test Case" tests="4" failures="0" timestamp="29 Jul 2014 11:46:53 GMT" time="135.04" errors="0">
  <testcase name="login" time="55.062" classname="com.testcases.myplex_login_flow_testcase"/>
  <testcase name="login" time="30.877" classname="com.testcases.myplex_login_flow_testcase"/>
  <testcase name="login" time="23.726" classname="com.testcases.myplex_login_flow_testcase"/>
  <testcase name="login" time="25.338" classname="com.testcases.myplex_login_flow_testcase"/>
</testsuite> <!-- Myplex Login Flow Test Case -->
