<?xml version="1.0" encoding="UTF-8"?>
<!-- Generated by org.testng.reporters.JUnitXMLReporter -->
<testsuite hostname="AdminIT-PC" name="myplex signup Test Case" tests="8" failures="8" timestamp="20 Aug 2014 12:20:14 GMT" time="0.059" errors="0">
  <testcase name="facebook_login" time="0.002" classname="com.test.signup_flows.myplex_signup_testcase">
    <failure type="java.lang.NullPointerException">
      <![CDATA[java.lang.NullPointerException
	at com.test.signup_flows.myplex_signup_testcase.facebook_login(myplex_signup_testcase.java:211)
... Removed 24 stack frames]]>
    </failure>
  </testcase> <!-- facebook_login -->
  <testcase name="facebook_login" time="0.003" classname="com.test.signup_flows.myplex_signup_testcase">
    <failure type="java.lang.NullPointerException">
      <![CDATA[java.lang.NullPointerException
	at com.test.signup_flows.myplex_signup_testcase.facebook_login(myplex_signup_testcase.java:211)
... Removed 24 stack frames]]>
    </failure>
  </testcase> <!-- facebook_login -->
  <testcase name="facebook_login" time="0.021" classname="com.test.signup_flows.myplex_signup_testcase">
    <failure type="java.lang.NullPointerException">
      <![CDATA[java.lang.NullPointerException
	at com.test.signup_flows.myplex_signup_testcase.facebook_login(myplex_signup_testcase.java:211)
... Removed 24 stack frames]]>
    </failure>
  </testcase> <!-- facebook_login -->
  <testcase name="facebook_login" time="0.001" classname="com.test.signup_flows.myplex_signup_testcase">
    <failure type="java.lang.NullPointerException">
      <![CDATA[java.lang.NullPointerException
	at com.test.signup_flows.myplex_signup_testcase.facebook_login(myplex_signup_testcase.java:211)
... Removed 24 stack frames]]>
    </failure>
  </testcase> <!-- facebook_login -->
  <testcase name="facebook_login" time="0.002" classname="com.test.signup_flows.myplex_signup_testcase">
    <failure type="java.lang.NullPointerException">
      <![CDATA[java.lang.NullPointerException
	at com.test.signup_flows.myplex_signup_testcase.facebook_login(myplex_signup_testcase.java:211)
... Removed 24 stack frames]]>
    </failure>
  </testcase> <!-- facebook_login -->
  <testcase name="facebook_login" time="0.003" classname="com.test.signup_flows.myplex_signup_testcase">
    <failure type="java.lang.NullPointerException">
      <![CDATA[java.lang.NullPointerException
	at com.test.signup_flows.myplex_signup_testcase.facebook_login(myplex_signup_testcase.java:211)
... Removed 24 stack frames]]>
    </failure>
  </testcase> <!-- facebook_login -->
  <testcase name="facebook_login" time="0.002" classname="com.test.signup_flows.myplex_signup_testcase">
    <failure type="java.lang.NullPointerException">
      <![CDATA[java.lang.NullPointerException
	at com.test.signup_flows.myplex_signup_testcase.facebook_login(myplex_signup_testcase.java:211)
... Removed 24 stack frames]]>
    </failure>
  </testcase> <!-- facebook_login -->
  <testcase name="facebook_login" time="0.003" classname="com.test.signup_flows.myplex_signup_testcase">
    <failure type="java.lang.NullPointerException">
      <![CDATA[java.lang.NullPointerException
	at com.test.signup_flows.myplex_signup_testcase.facebook_login(myplex_signup_testcase.java:211)
... Removed 24 stack frames]]>
    </failure>
  </testcase> <!-- facebook_login -->
</testsuite> <!-- myplex signup Test Case -->
