<?xml version="1.0" encoding="UTF-8"?>
<!-- Generated by org.testng.reporters.JUnitXMLReporter -->
<testsuite hostname="AdminIT-PC" name="myplex signup Test Case" tests="8" failures="0" timestamp="29 Jul 2014 12:01:06 GMT" time="251.755" errors="0">
  <testcase name="facebook_login" time="54.394" classname="com.testcases.myplex_signup_testcase"/>
  <testcase name="facebook_login" time="58.285" classname="com.testcases.myplex_signup_testcase"/>
  <testcase name="facebook_login" time="29.051" classname="com.testcases.myplex_signup_testcase"/>
  <testcase name="facebook_login" time="37.346" classname="com.testcases.myplex_signup_testcase"/>
  <testcase name="facebook_login" time="33.066" classname="com.testcases.myplex_signup_testcase"/>
  <testcase name="facebook_login" time="30.756" classname="com.testcases.myplex_signup_testcase"/>
  <testcase name="facebook_login" time="4.567" classname="com.testcases.myplex_signup_testcase"/>
  <testcase name="facebook_login" time="4.264" classname="com.testcases.myplex_signup_testcase"/>
</testsuite> <!-- myplex signup Test Case -->
