<?xml version="1.0" encoding="UTF-8"?>
<!-- Generated by org.testng.reporters.JUnitXMLReporter -->
<testsuite hostname="AdminIT-PC" name="Myplex Login Flow Test Case" tests="4" failures="0" timestamp="20 Aug 2014 12:28:52 GMT" time="68.002" errors="0">
  <testcase name="login" time="27.188" classname="com.test.login_flows.myplex_login_flow_testcase"/>
  <testcase name="login" time="14.167" classname="com.test.login_flows.myplex_login_flow_testcase"/>
  <testcase name="login" time="13.167" classname="com.test.login_flows.myplex_login_flow_testcase"/>
  <testcase name="login" time="13.45" classname="com.test.login_flows.myplex_login_flow_testcase"/>
</testsuite> <!-- Myplex Login Flow Test Case -->
