<?xml version="1.0" encoding="UTF-8"?>
<!-- Generated by org.testng.reporters.JUnitXMLReporter -->
<testsuite hostname="AdminIT-PC" name="Login Flow Test Case" tests="4" failures="0" timestamp="21 Jun 2014 15:13:22 GMT" time="208.271" errors="0">
  <testcase name="login" time="71.809" classname="com.testcases.myplex_login_flow_testcase"/>
  <testcase name="login" time="51.327" classname="com.testcases.myplex_login_flow_testcase"/>
  <testcase name="login" time="44.433" classname="com.testcases.myplex_login_flow_testcase"/>
  <testcase name="login" time="40.667" classname="com.testcases.myplex_login_flow_testcase"/>
</testsuite> <!-- Login Flow Test Case -->
