<?xml version="1.0" encoding="UTF-8"?>
<!-- Generated by org.testng.reporters.JUnitXMLReporter -->
<testsuite hostname="AdminIT-PC" name="Myplex Login Flow Test Case" tests="4" failures="0" timestamp="22 Jun 2014 04:09:35 GMT" time="197.945" errors="0">
  <testcase name="login" time="61.002" classname="com.testcases.myplex_login_flow_testcase"/>
  <testcase name="login" time="55.341" classname="com.testcases.myplex_login_flow_testcase"/>
  <testcase name="login" time="41.363" classname="com.testcases.myplex_login_flow_testcase"/>
  <testcase name="login" time="40.208" classname="com.testcases.myplex_login_flow_testcase"/>
</testsuite> <!-- Myplex Login Flow Test Case -->
