<?xml version="1.0" encoding="UTF-8"?>
<!-- Generated by org.testng.reporters.JUnitXMLReporter -->
<testsuite hostname="AdminIT-PC" name="testmail" tests="4" failures="0" timestamp="21 Jun 2014 15:02:35 GMT" time="173.274" errors="0">
  <testcase name="login" time="45.462" classname="com.testcases.Login_flow_testcase"/>
  <testcase name="login" time="38.755" classname="com.testcases.Login_flow_testcase"/>
  <testcase name="login" time="44.571" classname="com.testcases.Login_flow_testcase"/>
  <testcase name="login" time="44.455" classname="com.testcases.Login_flow_testcase"/>
</testsuite> <!-- testmail -->
